0 info it worked if it ends with ok
1 verbose cli [ 'node', '/usr/local/bin/npm', 'install', '--save-dev', 'gulp' ]
2 info using npm@2.10.1
3 info using node@v0.12.4
4 verbose install initial load of /Users/gkalejaiye/Documents/fire/web-app-starter-kit-for-fire-tv/package.json
5 verbose installManyTop reading scoped package data from /Users/gkalejaiye/Documents/fire/web-app-starter-kit-for-fire-tv/node_modules/del/package.json
6 verbose installManyTop reading scoped package data from /Users/gkalejaiye/Documents/fire/web-app-starter-kit-for-fire-tv/node_modules/express/package.json
7 verbose installManyTop reading scoped package data from /Users/gkalejaiye/Documents/fire/web-app-starter-kit-for-fire-tv/node_modules/gulp/package.json
8 verbose installManyTop reading scoped package data from /Users/gkalejaiye/Documents/fire/web-app-starter-kit-for-fire-tv/node_modules/gulp-debug/package.json
9 verbose installManyTop reading scoped package data from /Users/gkalejaiye/Documents/fire/web-app-starter-kit-for-fire-tv/node_modules/gulp-help/package.json
10 verbose installManyTop reading scoped package data from /Users/gkalejaiye/Documents/fire/web-app-starter-kit-for-fire-tv/node_modules/gulp-html-replace/package.json
11 verbose installManyTop reading scoped package data from /Users/gkalejaiye/Documents/fire/web-app-starter-kit-for-fire-tv/node_modules/gulp-inline-source/package.json
12 verbose installManyTop reading scoped package data from /Users/gkalejaiye/Documents/fire/web-app-starter-kit-for-fire-tv/node_modules/gulp-jsdoc/package.json
13 verbose installManyTop reading scoped package data from /Users/gkalejaiye/Documents/fire/web-app-starter-kit-for-fire-tv/node_modules/gulp-jshint/package.json
14 verbose installManyTop reading scoped package data from /Users/gkalejaiye/Documents/fire/web-app-starter-kit-for-fire-tv/node_modules/gulp-rename/package.json
15 verbose installManyTop reading scoped package data from /Users/gkalejaiye/Documents/fire/web-app-starter-kit-for-fire-tv/node_modules/gulp-sass/package.json
16 verbose installManyTop reading scoped package data from /Users/gkalejaiye/Documents/fire/web-app-starter-kit-for-fire-tv/node_modules/gulp-sourcemaps/package.json
17 verbose installManyTop reading scoped package data from /Users/gkalejaiye/Documents/fire/web-app-starter-kit-for-fire-tv/node_modules/gulp-uglifyjs/package.json
18 verbose installManyTop reading scoped package data from /Users/gkalejaiye/Documents/fire/web-app-starter-kit-for-fire-tv/node_modules/jshint-stylish/package.json
19 verbose installManyTop reading scoped package data from /Users/gkalejaiye/Documents/fire/web-app-starter-kit-for-fire-tv/node_modules/merge-stream/package.json
20 verbose installManyTop reading scoped package data from /Users/gkalejaiye/Documents/fire/web-app-starter-kit-for-fire-tv/node_modules/vinyl-paths/package.json
21 info package.json gulp-rename@1.2.2 No license field.
22 verbose readDependencies loading dependencies from /Users/gkalejaiye/Documents/fire/web-app-starter-kit-for-fire-tv/package.json
23 verbose install gulp is installed as 3.9.0
24 silly cache add args [ 'gulp', null ]
25 verbose cache add spec gulp
26 silly cache add parsed spec { raw: 'gulp',
26 silly cache add   scope: null,
26 silly cache add   name: 'gulp',
26 silly cache add   rawSpec: '',
26 silly cache add   spec: '*',
26 silly cache add   type: 'range' }
27 silly addNamed gulp@*
28 verbose addNamed "*" is a valid semver range for gulp
29 silly addNameRange { name: 'gulp', range: '*', hasData: false }
30 silly mapToRegistry name gulp
31 silly mapToRegistry using default registry
32 silly mapToRegistry registry https://registry.npmjs.org/
33 silly mapToRegistry uri https://registry.npmjs.org/gulp
34 verbose addNameRange registry:https://registry.npmjs.org/gulp not in flight; fetching
35 verbose request uri https://registry.npmjs.org/gulp
36 verbose request no auth needed
37 info attempt registry request try #1 at 3:59:19 PM
38 verbose request id 6b03e474d1847e49
39 verbose etag "7V22I0CTVZXZIY4W52C9MY35R"
40 http request GET https://registry.npmjs.org/gulp
41 http 304 https://registry.npmjs.org/gulp
42 silly get cb [ 304,
42 silly get   { date: 'Wed, 08 Jul 2015 19:59:19 GMT',
42 silly get     via: '1.1 varnish',
42 silly get     'cache-control': 'max-age=60',
42 silly get     etag: '"7V22I0CTVZXZIY4W52C9MY35R"',
42 silly get     age: '35',
42 silly get     connection: 'keep-alive',
42 silly get     'x-served-by': 'cache-atl6231-ATL',
42 silly get     'x-cache': 'HIT',
42 silly get     'x-cache-hits': '4',
42 silly get     'x-timer': 'S1436385559.896185,VS0,VE0',
42 silly get     vary: 'Accept' } ]
43 verbose etag https://registry.npmjs.org/gulp from cache
44 verbose get saving gulp to /Users/gkalejaiye/.npm/registry.npmjs.org/gulp/.cache.json
45 silly addNameRange number 2 { name: 'gulp', range: '*', hasData: true }
46 silly addNameRange versions [ 'gulp',
46 silly addNameRange   [ '0.0.1',
46 silly addNameRange     '0.0.2',
46 silly addNameRange     '0.0.3',
46 silly addNameRange     '0.0.4',
46 silly addNameRange     '0.0.5',
46 silly addNameRange     '0.0.7',
46 silly addNameRange     '0.0.8',
46 silly addNameRange     '0.0.9',
46 silly addNameRange     '0.1.0',
46 silly addNameRange     '0.2.0',
46 silly addNameRange     '1.0.0',
46 silly addNameRange     '1.1.0',
46 silly addNameRange     '1.2.0',
46 silly addNameRange     '1.2.1',
46 silly addNameRange     '2.0.0',
46 silly addNameRange     '2.0.1',
46 silly addNameRange     '2.1.0',
46 silly addNameRange     '2.2.0',
46 silly addNameRange     '2.3.0',
46 silly addNameRange     '2.4.0',
46 silly addNameRange     '2.4.1',
46 silly addNameRange     '2.6.0',
46 silly addNameRange     '2.6.1',
46 silly addNameRange     '2.7.0',
46 silly addNameRange     '3.0.0',
46 silly addNameRange     '3.1.1',
46 silly addNameRange     '3.1.2',
46 silly addNameRange     '3.1.3',
46 silly addNameRange     '3.1.4',
46 silly addNameRange     '3.2.0',
46 silly addNameRange     '3.2.1',
46 silly addNameRange     '3.2.2',
46 silly addNameRange     '3.2.3',
46 silly addNameRange     '3.2.4',
46 silly addNameRange     '3.2.5',
46 silly addNameRange     '3.3.0',
46 silly addNameRange     '3.3.1',
46 silly addNameRange     '3.3.2',
46 silly addNameRange     '3.3.4',
46 silly addNameRange     '3.4.0',
46 silly addNameRange     '3.5.0',
46 silly addNameRange     '3.5.1',
46 silly addNameRange     '3.5.2',
46 silly addNameRange     '3.5.5',
46 silly addNameRange     '3.5.6',
46 silly addNameRange     '3.6.0',
46 silly addNameRange     '3.6.1',
46 silly addNameRange     '3.6.2',
46 silly addNameRange     '3.7.0',
46 silly addNameRange     '3.8.0',
46 silly addNameRange     '3.8.1',
46 silly addNameRange     '3.8.2',
46 silly addNameRange     '3.8.3',
46 silly addNameRange     '3.8.4',
46 silly addNameRange     '3.8.5',
46 silly addNameRange     '3.8.6',
46 silly addNameRange     '3.8.7',
46 silly addNameRange     '3.8.8',
46 silly addNameRange     '3.8.9',
46 silly addNameRange     '3.8.10',
46 silly addNameRange     '3.8.11',
46 silly addNameRange     '3.9.0' ] ]
47 silly addNamed gulp@3.9.0
48 verbose addNamed "3.9.0" is a plain semver version for gulp
49 silly cache afterAdd gulp@3.9.0
50 verbose afterAdd /Users/gkalejaiye/.npm/gulp/3.9.0/package/package.json not in flight; writing
51 verbose afterAdd /Users/gkalejaiye/.npm/gulp/3.9.0/package/package.json written
52 silly install resolved [ { name: 'gulp',
52 silly install resolved     description: 'The streaming build system',
52 silly install resolved     version: '3.9.0',
52 silly install resolved     homepage: 'http://gulpjs.com',
52 silly install resolved     repository: { type: 'git', url: 'git+https://github.com/gulpjs/gulp.git' },
52 silly install resolved     author:
52 silly install resolved      { name: 'Fractal',
52 silly install resolved        email: 'contact@wearefractal.com',
52 silly install resolved        url: 'http://wearefractal.com/' },
52 silly install resolved     tags: [ 'build', 'stream', 'system', 'make', 'tool', 'asset', 'pipeline' ],
52 silly install resolved     files: [ 'index.js', 'lib', 'bin', 'completion' ],
52 silly install resolved     bin: { gulp: './bin/gulp.js' },
52 silly install resolved     man: [ 'gulp.1' ],
52 silly install resolved     dependencies:
52 silly install resolved      { archy: '^1.0.0',
52 silly install resolved        chalk: '^1.0.0',
52 silly install resolved        deprecated: '^0.0.1',
52 silly install resolved        'gulp-util': '^3.0.0',
52 silly install resolved        interpret: '^0.6.2',
52 silly install resolved        liftoff: '^2.1.0',
52 silly install resolved        minimist: '^1.1.0',
52 silly install resolved        orchestrator: '^0.3.0',
52 silly install resolved        'pretty-hrtime': '^1.0.0',
52 silly install resolved        semver: '^4.1.0',
52 silly install resolved        tildify: '^1.0.0',
52 silly install resolved        v8flags: '^2.0.2',
52 silly install resolved        'vinyl-fs': '^0.3.0' },
52 silly install resolved     devDependencies:
52 silly install resolved      { coveralls: '^2.7.0',
52 silly install resolved        'graceful-fs': '^3.0.0',
52 silly install resolved        istanbul: '^0.3.0',
52 silly install resolved        jscs: '~1.12.0',
52 silly install resolved        jshint: '^2.5.0',
52 silly install resolved        'jshint-stylish': '^1.0.0',
52 silly install resolved        'marked-man': '^0.1.3',
52 silly install resolved        mkdirp: '^0.5.0',
52 silly install resolved        mocha: '^2.0.1',
52 silly install resolved        'mocha-lcov-reporter': '^0.0.1',
52 silly install resolved        q: '^1.0.0',
52 silly install resolved        rimraf: '^2.2.5',
52 silly install resolved        should: '^5.0.1' },
52 silly install resolved     scripts:
52 silly install resolved      { prepublish: 'marked-man --name gulp docs/CLI.md > gulp.1',
52 silly install resolved        lint: 'jshint lib bin test index.js --reporter node_modules/jshint-stylish/stylish.js --exclude node_modules && jscs lib bin test index.js',
52 silly install resolved        test: 'npm run-script lint && mocha --reporter spec',
52 silly install resolved        coveralls: 'istanbul cover _mocha --report lcovonly -- -R spec && cat ./coverage/lcov.info | coveralls && rm -rf ./coverage' },
52 silly install resolved     engines: { node: '>= 0.9' },
52 silly install resolved     license: 'MIT',
52 silly install resolved     gitHead: '657213a52d5e9c19b85df6a42f76341a98c08ae8',
52 silly install resolved     bugs: { url: 'https://github.com/gulpjs/gulp/issues' },
52 silly install resolved     _id: 'gulp@3.9.0',
52 silly install resolved     _shasum: 'cf1fba4cb558bb8c6ae6c9613f583ae2620d214a',
52 silly install resolved     _from: 'gulp@*',
52 silly install resolved     _npmVersion: '2.8.3',
52 silly install resolved     _nodeVersion: '0.10.36',
52 silly install resolved     _npmUser: { name: 'phated', email: 'blaine@iceddev.com' },
52 silly install resolved     maintainers: [ [Object], [Object] ],
52 silly install resolved     dist:
52 silly install resolved      { shasum: 'cf1fba4cb558bb8c6ae6c9613f583ae2620d214a',
52 silly install resolved        tarball: 'http://registry.npmjs.org/gulp/-/gulp-3.9.0.tgz' },
52 silly install resolved     directories: {},
52 silly install resolved     _resolved: 'https://registry.npmjs.org/gulp/-/gulp-3.9.0.tgz',
52 silly install resolved     readme: 'ERROR: No README data found!' } ]
53 info install gulp@3.9.0 into /Users/gkalejaiye/Documents/fire/web-app-starter-kit-for-fire-tv
54 info installOne gulp@3.9.0
55 verbose installOne of gulp to /Users/gkalejaiye/Documents/fire/web-app-starter-kit-for-fire-tv not in flight; installing
56 verbose lock using /Users/gkalejaiye/.npm/_locks/gulp-29501ff4d8dd4516.lock for /Users/gkalejaiye/Documents/fire/web-app-starter-kit-for-fire-tv/node_modules/gulp
57 silly install write writing gulp 3.9.0 to /Users/gkalejaiye/Documents/fire/web-app-starter-kit-for-fire-tv/node_modules/gulp
58 verbose unbuild node_modules/gulp
59 info preuninstall gulp@3.9.0
60 info uninstall gulp@3.9.0
61 verbose unbuild rmStuff gulp@3.9.0 from /Users/gkalejaiye/Documents/fire/web-app-starter-kit-for-fire-tv/node_modules
62 silly gentlyRm /Users/gkalejaiye/Documents/fire/web-app-starter-kit-for-fire-tv/node_modules/.bin/gulp is being gently removed
63 silly gentlyRm verifying /Users/gkalejaiye/Documents/fire/web-app-starter-kit-for-fire-tv is an npm working directory
64 silly gentlyRm containing path /Users/gkalejaiye/Documents/fire/web-app-starter-kit-for-fire-tv is under npm's control, in /Users/gkalejaiye/Documents/fire/web-app-starter-kit-for-fire-tv
65 silly gentlyRm deletion target /Users/gkalejaiye/Documents/fire/web-app-starter-kit-for-fire-tv/node_modules/.bin/gulp is under /Users/gkalejaiye/Documents/fire/web-app-starter-kit-for-fire-tv
66 verbose gentlyRm vacuuming from /Users/gkalejaiye/Documents/fire/web-app-starter-kit-for-fire-tv/node_modules/.bin/gulp up to /Users/gkalejaiye/Documents/fire/web-app-starter-kit-for-fire-tv
67 silly vacuum-fs removing /Users/gkalejaiye/Documents/fire/web-app-starter-kit-for-fire-tv/node_modules/.bin/gulp
68 verbose unlock done using /Users/gkalejaiye/.npm/_locks/gulp-29501ff4d8dd4516.lock for /Users/gkalejaiye/Documents/fire/web-app-starter-kit-for-fire-tv/node_modules/gulp
69 verbose stack Error: EACCES, unlink '/Users/gkalejaiye/Documents/fire/web-app-starter-kit-for-fire-tv/node_modules/.bin/gulp'
69 verbose stack     at Error (native)
70 verbose cwd /Users/gkalejaiye/Documents/fire/web-app-starter-kit-for-fire-tv
71 error Darwin 14.3.0
72 error argv "node" "/usr/local/bin/npm" "install" "--save-dev" "gulp"
73 error node v0.12.4
74 error npm  v2.10.1
75 error path /Users/gkalejaiye/Documents/fire/web-app-starter-kit-for-fire-tv/node_modules/.bin/gulp
76 error code EACCES
77 error errno -13
78 error Error: EACCES, unlink '/Users/gkalejaiye/Documents/fire/web-app-starter-kit-for-fire-tv/node_modules/.bin/gulp'
78 error     at Error (native)
78 error  { [Error: EACCES, unlink '/Users/gkalejaiye/Documents/fire/web-app-starter-kit-for-fire-tv/node_modules/.bin/gulp']
78 error   errno: -13,
78 error   code: 'EACCES',
78 error   path: '/Users/gkalejaiye/Documents/fire/web-app-starter-kit-for-fire-tv/node_modules/.bin/gulp' }
79 error Please try running this command again as root/Administrator.
80 verbose exit [ -13, true ]
81 verbose unbuild node_modules/gulp
82 info preuninstall gulp@3.9.0
83 info uninstall gulp@3.9.0
84 verbose unbuild rmStuff gulp@3.9.0 from /Users/gkalejaiye/Documents/fire/web-app-starter-kit-for-fire-tv/node_modules
85 silly gentlyRm /Users/gkalejaiye/Documents/fire/web-app-starter-kit-for-fire-tv/node_modules/.bin/gulp is being gently removed
86 silly gentlyRm verifying /Users/gkalejaiye/Documents/fire/web-app-starter-kit-for-fire-tv is an npm working directory
87 silly gentlyRm containing path /Users/gkalejaiye/Documents/fire/web-app-starter-kit-for-fire-tv is under npm's control, in /Users/gkalejaiye/Documents/fire/web-app-starter-kit-for-fire-tv
88 silly gentlyRm deletion target /Users/gkalejaiye/Documents/fire/web-app-starter-kit-for-fire-tv/node_modules/.bin/gulp is under /Users/gkalejaiye/Documents/fire/web-app-starter-kit-for-fire-tv
89 verbose gentlyRm vacuuming from /Users/gkalejaiye/Documents/fire/web-app-starter-kit-for-fire-tv/node_modules/.bin/gulp up to /Users/gkalejaiye/Documents/fire/web-app-starter-kit-for-fire-tv
90 silly vacuum-fs removing /Users/gkalejaiye/Documents/fire/web-app-starter-kit-for-fire-tv/node_modules/.bin/gulp
91 error error rolling back Error: EACCES, unlink '/Users/gkalejaiye/Documents/fire/web-app-starter-kit-for-fire-tv/node_modules/.bin/gulp'
91 error error rolling back     at Error (native)
91 error error rolling back  { [Error: EACCES, unlink '/Users/gkalejaiye/Documents/fire/web-app-starter-kit-for-fire-tv/node_modules/.bin/gulp']
91 error error rolling back   errno: -13,
91 error error rolling back   code: 'EACCES',
91 error error rolling back   path: '/Users/gkalejaiye/Documents/fire/web-app-starter-kit-for-fire-tv/node_modules/.bin/gulp' }
